2016-03-21 22:19:31,552:INFO:Refresh token exchange successful
2016-03-21 22:19:45,801:INFO:Refresh token exchange successful
2016-03-21 22:21:43,953:INFO:Refresh token exchange successful
2016-03-21 22:21:54,675:INFO:Refresh token exchange successful
2016-03-21 22:22:44,788:INFO:Refresh token exchange successful
2016-03-21 22:22:44,788:INFO:Refresh token exchange successful
2016-03-21 22:23:12,701:INFO:Refresh token exchange successful
2016-03-21 22:24:02,702:INFO:Refresh token exchange successful
2016-03-21 22:25:49,920:INFO:Refresh token exchange successful
2016-03-21 22:27:36,691:INFO:Refresh token exchange successful
2016-03-21 22:28:07,836:INFO:Refresh token exchange successful
2016-03-21 22:28:59,229:INFO:Refresh token exchange successful
2016-03-21 22:29:17,820:INFO:Refresh token exchange successful
2016-03-21 22:30:11,517:INFO:Refresh token exchange successful
2016-03-21 22:30:11,517:INFO:Refresh token exchange successful
2016-03-21 22:32:25,957:INFO:Refresh token exchange successful
2016-03-21 22:32:25,957:INFO:Refresh token exchange successful
2016-03-21 22:32:25,957:INFO:Refresh token exchange successful
2016-03-21 22:32:25,957:INFO:Refresh token exchange successful
2016-03-21 22:32:25,957:INFO:Refresh token exchange successful
2016-03-21 22:33:19,505:INFO:Refresh token exchange successful
2016-03-21 22:34:17,351:INFO:Refresh token exchange successful
2016-03-21 22:34:17,607:INFO:Refresh token exchange successful
2016-03-21 22:38:14,344:INFO:Refresh token exchange successful
2016-03-21 22:38:14,654:INFO:Refresh token exchange successful
2016-03-21 22:41:37,180:INFO:Refresh token exchange successful
2016-03-21 22:41:37,520:INFO:Refresh token exchange successful
2016-03-21 22:44:40,947:INFO:Refresh token exchange successful
2016-03-21 22:44:41,214:INFO:Refresh token exchange successful
2016-03-21 22:45:10,397:INFO:adduser: user=dkstaudt@gmail.com room=c4699750-db27-11e5-b4f4-fbf227cffaf3
2016-03-21 22:45:10,867:INFO:POST /memberships succeeded
2016-03-21 22:46:37,317:INFO:adduser: user=dkstaudt@gmail.com room=c4699750-db27-11e5-b4f4-fbf227cffaf3
2016-03-21 22:46:37,318:WARNING:User is blacklisted
2016-03-21 22:58:07,985:INFO:Refresh token exchange successful
2016-03-21 22:58:07,987:INFO:adduser: user=dkstaudt@gmail.com room=c4699750-db27-11e5-b4f4-fbf227cffaf3
2016-03-21 22:58:08,002:WARNING:User is blacklisted
2016-03-21 22:59:01,117:INFO:Refresh token exchange successful
2016-03-21 22:59:01,120:INFO:adduser: user=dkstaudt@gmail.com room=c4699750-db27-11e5-b4f4-fbf227cffaf3
2016-03-21 22:59:01,709:INFO:POST /memberships succeeded
2016-03-21 23:00:12,212:INFO:Refresh token exchange successful
2016-03-21 23:00:12,212:INFO:Refresh token exchange successful
2016-03-21 23:00:12,215:INFO:adduser: user=dkstaudt@gmail.com room=c4699750-db27-11e5-b4f4-fbf227cffaf31
2016-03-21 23:00:12,215:INFO:adduser: user=dkstaudt@gmail.com room=c4699750-db27-11e5-b4f4-fbf227cffaf31
2016-03-21 23:00:12,216:WARNING:Room is not whitelisted
2016-03-21 23:00:12,216:WARNING:Room is not whitelisted
2016-03-21 23:01:22,411:INFO:adduser: user=dkstaudt@gmail.com room=c4699750-db27-11e5-b4f4-fbf227cffaf31
2016-03-21 23:01:22,411:INFO:adduser: user=dkstaudt@gmail.com room=c4699750-db27-11e5-b4f4-fbf227cffaf31
2016-03-21 23:01:22,412:WARNING:Room is not whitelisted
2016-03-21 23:01:22,412:WARNING:Room is not whitelisted
2016-03-22 18:29:59,910:INFO:adduser: user=dkstaudt@gmail.com room=c4699750-db27-11e5-b4f4-fbf227cffaf3
2016-03-22 18:29:59,910:INFO:adduser: user=dkstaudt@gmail.com room=c4699750-db27-11e5-b4f4-fbf227cffaf3
2016-03-22 18:30:00,659:INFO:POST /memberships succeeded
2016-03-22 18:30:00,659:INFO:POST /memberships succeeded
2016-03-22 18:31:44,373:INFO:Refresh token exchange successful
2016-03-22 18:31:44,373:INFO:Refresh token exchange successful
2016-03-22 18:31:44,376:INFO:adduser: user= room=c4699750-db27-11e5-b4f4-fbf227cffaf3
2016-03-22 18:31:44,376:INFO:adduser: user= room=c4699750-db27-11e5-b4f4-fbf227cffaf3
2016-03-22 18:31:44,376:WARNING:Invalid email address
2016-03-22 18:31:44,376:WARNING:Invalid email address
2016-03-22 18:43:25,403:INFO:Refresh token exchange successful
2016-03-22 18:43:25,406:INFO:adduser: user= room=c4699750-db27-11e5-b4f4-fbf227cffaf3
2016-03-22 18:43:25,422:WARNING:Invalid email address
2016-03-22 18:44:07,935:INFO:Refresh token exchange successful
2016-03-22 18:44:07,938:INFO:adduser: user= room=c4699750-db27-11e5-b4f4-fbf227cffaf3
2016-03-22 18:44:07,954:WARNING:Invalid email address
2016-03-22 18:44:26,128:INFO:adduser: user= room=c4699750-db27-11e5-b4f4-fbf227cffaf3
2016-03-22 18:44:26,128:WARNING:Invalid email address
2016-03-22 18:45:52,151:INFO:adduser: user= room=c4699750-db27-11e5-b4f4-fbf227cffaf3
2016-03-22 18:45:52,151:WARNING:Invalid email address
2016-03-22 18:51:58,973:INFO:adduser: user= room=c4699750-db27-11e5-b4f4-fbf227cffaf3
2016-03-22 18:51:58,973:WARNING:Invalid email address
2016-03-22 18:52:12,475:INFO:adduser: user=dkstaudt@gmail.com room=c4699750-db27-11e5-b4f4-fbf227cffaf3
2016-03-22 18:52:13,092:INFO:POST /memberships succeeded
2016-03-22 18:53:26,291:INFO:adduser: user=dkstaudt@gmail.com room=c4699750-db27-11e5-b4f4-fbf227cffaf3
2016-03-22 18:53:26,291:WARNING:User is blacklisted
2016-03-22 18:56:17,216:INFO:adduser: user=dkstaudt@gmail.com room=c4699750-db27-11e5-b4f4-fbf227cffaf3
2016-03-22 18:56:17,216:WARNING:User is blacklisted
2016-03-22 18:57:54,077:INFO:Refresh token exchange successful
2016-03-22 18:57:54,079:INFO:adduser: user=dkstaudt@gmail.com room=c4699750-db27-11e5-b4f4-fbf227cffaf3
2016-03-22 18:57:54,548:INFO:POST /memberships succeeded
2016-03-22 19:13:36,039:INFO:adduser: user=dkstaudt@gmail.com room=c4699750-db27-11e5-b4f4-fbf227cffaf3
2016-03-22 19:13:36,524:INFO:POST /memberships succeeded
2016-03-22 19:13:37,314:INFO:adduser: user=dkstaudt@gmail.com room=4fe94610-f061-11e5-b8ce-113f8dfc14be
2016-03-22 19:13:37,314:WARNING:Room is not whitelisted
2016-03-22 19:14:17,816:INFO:adduser: user=dkstaudt@gmail.com room=4fe94610-f061-11e5-b8ce-113f8dfc14be
2016-03-22 19:14:18,190:INFO:POST /memberships succeeded
2016-03-22 19:14:35,325:INFO:adduser: user=dkstaudt@gmail.com room=c4699750-db27-11e5-b4f4-fbf227cffaf3
2016-03-22 19:14:37,062:WARNING:POST /memberships returned User cannot be added to the room
2016-03-22 19:26:25,237:INFO:Refresh token exchange successful
2016-03-22 19:26:25,240:INFO:adduser: user=dkstaudt@gmail.com room=c4699750-db27-11e5-b4f4-fbf227cffaf3
2016-03-22 19:26:25,669:INFO:POST /memberships succeeded
2016-03-22 19:28:03,012:INFO:adduser: user=dkstaudt@gmail.com room=c4699750-db27-11e5-b4f4-fbf227cffaf3
2016-03-22 19:28:03,448:INFO:POST /memberships succeeded
2016-03-22 19:28:50,913:INFO:Refresh token exchange successful
2016-03-22 19:29:01,998:INFO:adduser: user=dkstaudt@gmail.com room=c4699750-db27-11e5-b4f4-fbf227cffaf3
2016-03-22 19:29:02,455:WARNING:POST /memberships returned User cannot be added to the room
2016-03-22 19:29:56,998:INFO:adduser: user=dkstaudt@gmail.com room=c4699750-db27-11e5-b4f4-fbf227cffaf3
2016-03-22 19:29:57,367:WARNING:POST /memberships returned User cannot be added to the room
2016-03-22 19:31:36,497:INFO:adduser: user=dkstaudt@gmail.com room=c4699750-db27-11e5-b4f4-fbf227cffaf3
2016-03-22 19:31:37,030:WARNING:POST /memberships returned User cannot be added to the room
2016-03-22 20:51:30,540:INFO:Refresh token exchange successful
2016-03-22 20:51:30,543:INFO:adduser: user=dkstaudt@gmail.com room=c4699750-db27-11e5-b4f4-fbf227cffaf3
2016-03-22 20:51:31,102:WARNING:POST /memberships returned User cannot be added to the room
2016-03-22 20:55:49,284:INFO:Refresh token exchange successful
2016-03-22 20:55:49,286:INFO:adduser: user=dkstaudt@gmail.com room=c4699750-db27-11e5-b4f4-fbf227cffaf3
2016-03-22 20:55:49,617:WARNING:POST /memberships returned User cannot be added to the room
2016-03-22 21:00:46,534:INFO:adduser: user=dkstaudt 1@gmail.com room=c4699750-db27-11e5-b4f4-fbf227cffaf3
2016-03-22 21:00:46,534:WARNING:Invalid email address
2016-03-22 21:11:27,561:INFO:Refresh token exchange successful
2016-03-22 21:11:27,564:INFO:adduser: user=dkstaudt(1)@gmail.com room=c4699750-db27-11e5-b4f4-fbf227cffaf3
2016-03-22 21:11:27,887:WARNING:POST /memberships returned Unexpected response
2016-03-22 21:15:35,340:INFO:adduser: user=dkstaudt(1)@gmail.com room=c4699750-db27-11e5-b4f4-fbf227cffaf3
2016-03-22 21:15:35,734:WARNING:POST /memberships returned Unexpected response
2016-03-22 21:16:18,048:INFO:adduser: user=dkstaudt(1)@gmail.com room=c4699750-db27-11e5-b4f4-fbf227cffaf3
2016-03-22 21:16:18,482:WARNING:POST /memberships returned Unexpected response
2016-03-22 21:16:25,385:INFO:Refresh token exchange successful
2016-03-22 21:16:25,388:INFO:adduser: user=dkstaudt@gmail.com room=c4699750-db27-11e5-b4f4-fbf227cffaf3
2016-03-22 21:16:25,667:WARNING:POST /memberships returned User cannot be added to the room
2016-03-22 21:20:19,900:INFO:adduser: user=dkstaudt(1)@gmail.com room=c4699750-db27-11e5-b4f4-fbf227cffaf3
2016-03-22 21:20:20,327:WARNING:POST /memberships returned Unexpected response
2016-03-22 21:20:32,997:INFO:adduser: user=dkstaudt+1@gmail.com room=c4699750-db27-11e5-b4f4-fbf227cffaf3
2016-03-22 21:20:34,078:INFO:POST /memberships succeeded
2016-03-22 21:52:19,243:INFO:Refresh token exchange successful
2016-03-22 21:52:19,246:INFO:adduser: user=dkstaudt@gmail.com room=c4699750-db27-11e5-b4f4-fbf227cffaf3
2016-03-22 21:52:19,785:INFO:POST /memberships succeeded
2016-03-22 22:51:37,839:INFO:Refresh token exchange successful
2016-03-22 22:51:37,842:INFO:adduser: user= room=c4699750-db27-11e5-b4f4-fbf227cffaf3
2016-03-22 22:51:37,858:WARNING:Invalid email address
2016-03-22 22:51:47,327:INFO:adduser: user=dkstaudt@gmail.com room=c4699750-db27-11e5-b4f4-fbf227cffaf3
2016-03-22 22:51:47,628:WARNING:POST /memberships returned User cannot be added to the room
2016-03-22 22:57:56,515:INFO:adduser: user=dkstaudt@gmail.com room=c4699750-db27-11e5-b4f4-fbf227cffaf3
2016-03-22 22:57:57,887:WARNING:POST /memberships returned User cannot be added to the room
2016-03-22 22:59:27,498:INFO:adduser: user=dkstaudt@gmail.com room=c4699750-db27-11e5-b4f4-fbf227cffaf3
2016-03-22 22:59:27,748:WARNING:POST /memberships returned User cannot be added to the room
2016-03-22 23:02:28,081:INFO:adduser: user=dkstaudt@gmail.com room=c4699750-db27-11e5-b4f4-fbf227cffaf3
2016-03-22 23:02:28,279:WARNING:POST /memberships returned User cannot be added to the room
2016-03-22 23:02:48,213:INFO:adduser: user=dkstaudt@gmail.com room=c4699750-db27-11e5-b4f4-fbf227cffaf3
2016-03-22 23:02:48,480:WARNING:POST /memberships returned User cannot be added to the room
2016-03-22 23:02:59,415:INFO:adduser: user=dkstaudt@gmail.com room=c4699750-db27-11e5-b4f4-fbf227cffaf3
2016-03-22 23:02:59,785:WARNING:POST /memberships returned User cannot be added to the room
2016-03-22 23:04:30,865:INFO:adduser: user=dstaudt@cisco.com room=c4699750-db27-11e5-b4f4-fbf227cffaf3
2016-03-22 23:04:31,136:WARNING:POST /memberships returned User cannot be added to the room
2016-03-22 23:05:54,543:INFO:adduser: user=dstaudt@cisco.com room=c4699750-db27-11e5-b4f4-fbf227cffaf3
2016-03-22 23:05:54,804:WARNING:POST /memberships returned User cannot be added to the room
2016-03-25 18:47:39,103:INFO:adduser: user=dkstaudt 2@gmail.com room=c4699750-db27-11e5-b4f4-fbf227cffaf3
2016-03-25 18:47:39,103:WARNING:Invalid email address
2016-03-25 18:48:09,058:INFO:adduser: user=dkstaudt+2@gmail.com room=c4699750-db27-11e5-b4f4-fbf227cffaf3
2016-03-25 18:48:10,976:INFO:POST /memberships succeeded
2016-03-26 19:04:04,698:INFO:adduser: user=dkstaudt@gmail.com room=c4699750-db27-11e5-b4f4-fbf227cffaf3
2016-03-26 19:04:05,723:INFO:POST /memberships succeeded
2016-03-26 20:13:47,107:INFO:Refresh token exchange successful
2016-03-26 20:18:44,947:INFO:Refresh token exchange successful
2016-03-26 20:18:44,949:INFO:adduser: user=dkstaudt@gmail.com room=c4699750-db27-11e5-b4f4-fbf227cffaf3
2016-03-26 20:18:45,717:WARNING:POST /memberships returned User cannot be added to the room
2016-03-26 20:20:52,243:INFO:adduser: user=[object HTMLInputElement] room=4fe94610-f061-11e5-b8ce-113f8dfc14be
2016-03-26 20:20:52,244:WARNING:Invalid email address
2016-03-26 20:21:34,842:INFO:adduser: user=dkstaudt@gmail.com room=4fe94610-f061-11e5-b8ce-113f8dfc14be
2016-03-26 20:21:35,340:INFO:POST /memberships succeeded
2016-03-26 20:21:37,771:INFO:adduser: user=dkstaudt@gmail.com room=c4699750-db27-11e5-b4f4-fbf227cffaf3
2016-03-26 20:21:38,081:WARNING:POST /memberships returned User cannot be added to the room
2016-03-26 20:21:39,002:INFO:adduser: user=dkstaudt@gmail.com room=4fe94610-f061-11e5-b8ce-113f8dfc14be
2016-03-26 20:21:39,304:WARNING:POST /memberships returned User cannot be added to the room
2016-03-26 20:25:40,181:INFO:adduser: user=dkstaudt@gmail.com room=c4699750-db27-11e5-b4f4-fbf227cffaf3
2016-03-26 20:25:41,248:INFO:POST /memberships succeeded
2016-03-26 21:02:01,834:INFO:adduser: user=dstaudt@usa.net room=c4699750-db27-11e5-b4f4-fbf227cffaf3
2016-03-26 21:02:02,389:INFO:POST /memberships succeeded
2016-03-28 14:35:45,107:INFO:Refresh token exchange successful
2016-03-28 14:35:45,109:INFO:adduser: user=denapom11@gmail.com room=c4699750-db27-11e5-b4f4-fbf227cffaf3
2016-03-28 14:35:46,366:INFO:POST /memberships succeeded
2016-03-28 14:35:47,170:INFO:adduser: user=denapom11@gmail.com room=c4699750-db27-11e5-b4f4-fbf227cffaf3
2016-03-28 14:35:47,673:WARNING:POST /memberships returned User cannot be added to the room
2016-04-07 19:49:48,105:INFO:Refresh token exchange successful
2016-04-07 19:49:48,146:INFO:adduser: user= room=c4699750-db27-11e5-b4f4-fbf227cffaf3
2016-04-07 19:49:48,153:INFO:adduser: user= room=4fe94610-f061-11e5-b8ce-113f8dfc14be
2016-04-07 19:49:48,168:WARNING:Invalid email address
2016-04-07 19:49:48,174:WARNING:Invalid email address
2016-04-07 19:49:48,856:INFO:Refresh token exchange successful
2016-04-07 19:49:48,859:INFO:adduser: user= room=4fe94610-f061-11e5-b8ce-113f8dfc14be
2016-04-07 19:49:48,859:INFO:adduser: user= room=c4699750-db27-11e5-b4f4-fbf227cffaf3
2016-04-07 19:49:48,883:WARNING:Invalid email address
2016-04-07 19:49:48,889:WARNING:Invalid email address
2016-04-14 13:33:48,633:INFO:Refresh token exchange successful
2016-04-14 13:35:00,197:INFO:Refresh token exchange successful
2016-04-14 13:35:12,583:INFO:Refresh token exchange successful
2016-04-14 13:35:13,419:INFO:Refresh token exchange successful
2016-04-14 13:38:48,421:INFO:Refresh token exchange successful
2016-04-14 13:38:49,214:INFO:Refresh token exchange successful
2016-04-14 13:42:31,496:INFO:adduser: user=dkstaudt@gmail.com room=c4699750-db27-11e5-b4f4-fbf227cffaf3
2016-04-14 13:42:32,377:WARNING:POST /memberships returned Unexpected response
2016-04-14 13:43:09,376:INFO:adduser: user=dkstaudt@gmail.com room=c4699750-db27-11e5-b4f4-fbf227cffaf3
2016-04-14 13:43:10,254:INFO:POST /memberships succeeded
2016-04-14 13:43:44,726:INFO:adduser: user=dkstaudt@gmail.com room=4fe94610-f061-11e5-b8ce-113f8dfc14be
2016-04-14 13:43:46,068:INFO:POST /memberships succeeded
2016-04-14 13:55:35,372:INFO:Refresh token exchange successful
2016-04-14 13:55:36,366:INFO:Refresh token exchange successful
2016-04-14 14:15:40,754:INFO:POST /memberships succeeded
2016-04-14 14:16:33,600:INFO:POST /memberships succeeded
2016-04-14 14:17:22,624:INFO:POST /memberships succeeded
2016-04-14 14:19:03,771:INFO:Refresh token exchange successful
2016-04-14 14:19:04,460:INFO:Refresh token exchange successful
2016-04-14 14:19:08,094:ERROR:200
2016-04-14 14:19:08,094:INFO:isUser: user=dkstaudt@gmail.com True
2016-04-14 14:19:34,830:ERROR:200
2016-04-14 14:19:34,830:INFO:isUser: user=dkstaudt@gmail.com True
2016-04-14 14:19:46,934:ERROR:200
2016-04-14 14:19:46,934:INFO:isUser: user=dkstaudt@1gmail.com True
2016-04-14 14:20:25,970:INFO:Refresh token exchange successful
2016-04-14 14:20:26,674:INFO:Refresh token exchange successful
2016-04-14 14:20:35,500:INFO:isUser: user=dkstaudt@gmail.com True
2016-04-14 14:20:57,416:INFO:isUser: user=dkstaudt@1gmail.com True
2016-04-14 14:22:21,659:INFO:isUser: user=dkstaudt@1gmail.com True
2016-04-14 14:23:07,838:INFO:isUser: user=dkstaudt@1gmail.com True
2016-04-14 14:23:26,081:INFO:isUser: user=dkstaudt@1gmail.com True
2016-04-14 14:24:26,980:INFO:isUser: user=dkstaudt@gmail.com True
2016-04-14 14:24:51,585:INFO:Refresh token exchange successful
2016-04-14 14:24:52,935:INFO:Refresh token exchange successful
2016-04-14 14:24:55,685:INFO:isUser: user=dkstaudt@gmail.com True
2016-04-14 14:27:12,113:INFO:isUser: user=dkstaudt@gmail.com True
2016-04-14 14:28:01,834:INFO:Refresh token exchange successful
2016-04-14 14:28:02,625:INFO:Refresh token exchange successful
2016-04-14 14:28:06,151:INFO:isUser: user=dkstaudt@gmail.com True
2016-04-14 14:28:06,152:ERROR:json: {"items": [{"displayName": "dkstaudt@gmail.com", "emails": ["dkstaudt@gmail.com"], "id": "Y2lzY29zcGFyazovL3VzL1BFT1BMRS8zMDEzOGFlNS1kM2Y4LTRmNzYtOWI0ZS1lMzhlMWFhM2EyMWI", "created": "2015-11-11T21:44:28.232Z"}]}
2016-04-14 14:39:07,333:INFO:isUser: user=dkstaudt@gmail.com True
2016-04-14 14:39:07,334:ERROR:json: {"items": [{"displayName": "dkstaudt@gmail.com", "emails": ["dkstaudt@gmail.com"], "id": "Y2lzY29zcGFyazovL3VzL1BFT1BMRS8zMDEzOGFlNS1kM2Y4LTRmNzYtOWI0ZS1lMzhlMWFhM2EyMWI", "created": "2015-11-11T21:44:28.232Z"}]}
2016-04-14 14:39:23,211:INFO:Refresh token exchange successful
2016-04-14 14:39:24,044:INFO:Refresh token exchange successful
2016-04-14 15:14:00,982:INFO:Refresh token exchange successful
2016-04-14 15:14:01,324:INFO:Refresh token exchange successful
2016-04-14 15:14:04,252:INFO:isUser: user=dkstaudt@gmail.com True
2016-04-14 15:17:37,784:INFO:isUser: user=dkstaudt@gmail.com True
2016-04-14 15:17:58,125:INFO:Refresh token exchange successful
2016-04-14 15:17:58,607:INFO:Refresh token exchange successful
2016-04-14 15:18:00,414:INFO:isUser: user=dkstaudt@gmail.com True
2016-04-14 15:18:06,203:INFO:isUser: user=dkstaudt@gmail.com1 True
2016-04-14 15:19:00,993:INFO:Refresh token exchange successful
2016-04-14 15:19:01,319:INFO:Refresh token exchange successful
2016-04-14 15:19:03,853:INFO:isUser: user=dkstaudt@gmail.com1 True
2016-04-14 15:20:07,564:INFO:isUser: user=dkstaudt@gmail.com1 True
2016-04-14 16:24:54,538:INFO:Refresh token exchange successful
2016-04-14 16:24:54,861:INFO:Refresh token exchange successful
2016-04-14 16:25:02,023:INFO:isUser: user=dkstaudt@gmail.com1 True
2016-04-14 16:25:08,416:INFO:isUser: user=dkstaudt@gmail.com True
2016-04-14 16:27:07,090:INFO:isUser: user=dkstaudt@gmail.com True
2016-04-14 16:27:18,819:INFO:Refresh token exchange successful
2016-04-14 16:27:19,155:INFO:Refresh token exchange successful
2016-04-14 16:27:29,852:INFO:isUser: user=dkstaudt@gmail.com
2016-04-14 16:35:01,612:INFO:Refresh token exchange successful
2016-04-14 16:35:01,933:INFO:Refresh token exchange successful
2016-04-14 16:35:05,379:INFO:isUser: user=dkstaudt@gmail.com
2016-04-14 16:37:27,100:INFO:isUser: user=dkstaudt@gmail.com
2016-04-14 16:37:58,472:INFO:Refresh token exchange successful
2016-04-14 16:37:59,110:INFO:Refresh token exchange successful
2016-04-14 16:38:01,069:INFO:isUser: user=dkstaudt@gmail.com
2016-04-14 16:38:01,070:ERROR:xxx{"items": [{"emails": ["dkstaudt@gmail.com"], "id": "Y2lzY29zcGFyazovL3VzL1BFT1BMRS8zMDEzOGFlNS1kM2Y4LTRmNzYtOWI0ZS1lMzhlMWFhM2EyMWI", "displayName": "dkstaudt@gmail.com", "created": "2015-11-11T21:44:28.232Z"}]}
2016-04-14 16:38:41,556:INFO:Refresh token exchange successful
2016-04-14 16:38:41,906:INFO:Refresh token exchange successful
2016-04-14 16:38:45,750:INFO:isUser: user=dkstaudt@gmail.com
2016-04-14 16:38:45,750:ERROR:{"items": [{"displayName": "dkstaudt@gmail.com", "emails": ["dkstaudt@gmail.com"], "id": "Y2lzY29zcGFyazovL3VzL1BFT1BMRS8zMDEzOGFlNS1kM2Y4LTRmNzYtOWI0ZS1lMzhlMWFhM2EyMWI", "created": "2015-11-11T21:44:28.232Z"}]}
2016-04-14 16:39:35,559:INFO:Refresh token exchange successful
2016-04-14 16:39:35,998:INFO:Refresh token exchange successful
2016-04-14 16:39:38,940:INFO:isUser: user=dkstaudt@gmail.com
2016-04-14 16:39:38,940:ERROR:1
2016-04-14 16:40:15,572:INFO:Refresh token exchange successful
2016-04-14 16:40:16,134:INFO:Refresh token exchange successful
2016-04-14 16:40:18,776:INFO:isUser: user=dkstaudt@gmail.com
2016-04-14 16:40:18,777:ERROR:False
2016-04-14 16:40:57,290:INFO:isUser: user=dkstaudt@gmail.com
2016-04-14 16:40:57,290:ERROR:False
2016-04-14 16:41:01,377:INFO:Refresh token exchange successful
2016-04-14 16:41:01,829:INFO:Refresh token exchange successful
2016-04-14 16:41:03,733:INFO:isUser: user=dkstaudt@gmail.com
2016-04-14 16:41:07,395:INFO:isUser: user=dkstaudt@gmail.com1
2016-04-14 16:43:02,359:INFO:Refresh token exchange successful
2016-04-14 16:43:02,842:INFO:Refresh token exchange successful
2016-04-14 16:43:07,902:INFO:isUser: user=dkstaudt@gmail.com1 False
2016-04-14 16:43:13,976:INFO:isUser: user=dkstaudt@gmail.com True
2016-04-14 21:34:25,838:INFO:Refresh token exchange successful
2016-04-14 21:34:26,170:INFO:Refresh token exchange successful
2016-04-14 21:34:36,376:INFO:isUser: user=dkstaudt@gmail.com True
2016-04-14 21:34:47,199:INFO:isUser: user=dkstaudt@gmail.com1 False
2016-04-14 21:36:16,835:INFO:isUser: user=dkstaudt@gmail.com1 False
2016-04-14 21:36:43,720:INFO:Refresh token exchange successful
2016-04-14 21:36:44,170:INFO:Refresh token exchange successful
2016-04-14 21:36:48,586:INFO:isUser: user=dkstaudt@gmail.com1 false
2016-04-14 21:36:52,483:INFO:isUser: user=dkstaudt@gmail.com true
2016-04-14 22:16:21,659:INFO:Refresh token exchange successful
2016-04-14 22:16:21,984:INFO:Refresh token exchange successful
2016-04-14 22:16:27,369:INFO:isUser: user=dkstaudt@gmail.com true
2016-04-14 22:21:21,732:INFO:Refresh token exchange successful
2016-04-14 22:21:22,127:INFO:Refresh token exchange successful
2016-04-14 22:21:27,156:INFO:isUser: user=dkstaudt@gmail.com true
2016-04-14 22:24:30,977:INFO:isUser: user=dkstaudt@gmail.com true
2016-04-14 22:24:34,180:INFO:isUser: user=dkstaudt@gmail.com1 false
2016-04-14 22:30:03,644:INFO:Refresh token exchange successful
2016-04-14 22:30:04,011:INFO:Refresh token exchange successful
2016-04-14 22:34:59,816:INFO:Refresh token exchange successful
2016-04-14 22:35:00,156:INFO:Refresh token exchange successful
2016-04-14 22:35:04,187:INFO:adduser: user=dkstaudt@gmail.com room=c4699750-db27-11e5-b4f4-fbf227cffaf3
2016-04-14 22:35:04,898:INFO:POST /memberships succeeded
2016-04-14 22:37:05,027:INFO:Refresh token exchange successful
2016-04-14 22:37:05,355:INFO:Refresh token exchange successful
2016-04-14 22:37:11,283:INFO:adduser: user=dkstaudt@gmail.com room=c4699750-db27-11e5-b4f4-fbf227cffaf3
2016-04-14 22:37:11,746:INFO:POST /memberships succeeded
2016-04-14 22:37:13,886:INFO:adduser: user=dkstaudt@gmail.com room=c4699750-db27-11e5-b4f4-fbf227cffaf3
2016-04-14 22:37:14,237:WARNING:POST /memberships returned Unexpected response
2016-04-14 22:37:18,883:INFO:adduser: user=dkstaudt@gmail.com room=c4699750-db27-11e5-b4f4-fbf227cffaf3
2016-04-14 22:37:19,257:WARNING:POST /memberships returned Unexpected response
2016-04-14 22:38:06,842:INFO:adduser: user=dkstaudt@gmail.com.com room=c4699750-db27-11e5-b4f4-fbf227cffaf3
2016-04-14 22:38:07,918:INFO:POST /memberships succeeded
2016-04-14 22:38:20,260:INFO:adduser: user=dkstaudt@gmail.com@com room=c4699750-db27-11e5-b4f4-fbf227cffaf3
2016-04-14 22:38:20,261:WARNING:Invalid email address
2016-04-14 22:40:05,968:INFO:Refresh token exchange successful
2016-04-14 22:40:06,448:INFO:Refresh token exchange successful
2016-04-14 22:40:10,472:INFO:adduser: user=dkstaudt@gmail.com@com room=c4699750-db27-11e5-b4f4-fbf227cffaf3
2016-04-14 22:40:10,480:WARNING:Invalid email address
2016-04-14 22:40:26,571:INFO:adduser: user=dkstaudt@gmail.com room=c4699750-db27-11e5-b4f4-fbf227cffaf31
2016-04-14 22:40:26,571:WARNING:Room is not whitelisted
2016-04-14 22:41:06,548:INFO:adduser: user=dkstaudt@gmail.com room=c4699750-db27-11e5-b4f4-fbf227cffaf3
2016-04-14 22:41:06,925:WARNING:POST /memberships returned Unexpected response
2016-04-14 22:47:14,587:INFO:Refresh token exchange successful
2016-04-14 22:47:14,930:INFO:Refresh token exchange successful
2016-04-14 22:47:22,805:INFO:isUser: user=dkstaudt@gmail.com1 false
2016-04-14 22:49:38,589:INFO:Refresh token exchange successful
2016-04-14 22:49:38,943:INFO:Refresh token exchange successful
2016-04-14 22:49:45,799:INFO:isUser: user=dkstaudt@gmail.com1 false
2016-04-14 22:50:29,274:INFO:Refresh token exchange successful
2016-04-14 22:50:29,677:INFO:Refresh token exchange successful
2016-04-14 22:50:33,752:INFO:isUser: user=dkstaudt@gmail.com1 false
2016-04-14 22:51:55,812:INFO:Refresh token exchange successful
2016-04-14 22:51:56,147:INFO:Refresh token exchange successful
2016-04-14 22:52:39,750:INFO:adduser: user=dkstaudt@gmail.com room=c4699750-db27-11e5-b4f4-fbf227cffaf3
2016-04-14 22:52:40,272:INFO:POST /memberships succeeded
2016-04-14 22:52:43,277:INFO:adduser: user=dkstaudt@gmail.com room=c4699750-db27-11e5-b4f4-fbf227cffaf3
2016-04-14 22:52:44,619:WARNING:POST /memberships returned User cannot be added to the room
2016-04-14 22:52:55,085:INFO:adduser: user=dkstaudt@gmail.com room=c4699750-db27-11e5-b4f4-fbf227cffaf31
2016-04-14 22:52:55,085:WARNING:Room is not whitelisted
2016-04-14 22:53:20,645:INFO:adduser: user=dkstaudt@gmail.com room=c4699750-db27-11e5-b4f4-fbf227cffaf31
2016-04-14 22:53:20,824:WARNING:POST /memberships returned Room does not exist
2016-04-14 23:03:23,115:INFO:adduser: user=dkstaudt@gmail.com room=c4699750-db27-11e5-b4f4-fbf227cffaf3
2016-04-14 23:03:23,760:WARNING:POST /memberships returned User cannot be added to the room
2016-04-14 23:04:44,839:INFO:adduser: user=dkstaudt@gmail.com room=c4699750-db27-11e5-b4f4-fbf227cffaf3
2016-04-14 23:04:45,207:WARNING:POST /memberships returned User cannot be added to the room
2016-04-14 23:10:28,311:INFO:adduser: user=dkstaudt@gmail.com room=c4699750-db27-11e5-b4f4-fbf227cffaf3
2016-04-14 23:10:28,857:WARNING:POST /memberships returned User cannot be added to the room
2016-04-14 23:12:17,454:INFO:isUser: user=dkstaudt@gmail.com1 false
2016-04-14 23:12:25,518:INFO:adduser: user=dkstaudt@gmail.com room=c4699750-db27-11e5-b4f4-fbf227cffaf3
2016-04-14 23:12:25,951:WARNING:POST /memberships returned User cannot be added to the room
2016-04-14 23:13:15,080:INFO:adduser: user=dkstaudt@gmail.com room=c4699750-db27-11e5-b4f4-fbf227cffaf3
2016-04-14 23:13:15,438:WARNING:POST /memberships returned User cannot be added to the room
2016-04-14 23:14:12,172:INFO:adduser: user=dkstaudt@gmail.com room=c4699750-db27-11e5-b4f4-fbf227cffaf3
2016-04-14 23:14:12,572:WARNING:POST /memberships returned User cannot be added to the room
2016-04-14 23:16:52,371:INFO:adduser: user=dkstaudt@gmail.com room=c4699750-db27-11e5-b4f4-fbf227cffaf3
2016-04-14 23:16:52,674:WARNING:POST /memberships returned User cannot be added to the room
2016-04-14 23:20:45,553:INFO:isUser: user=dkstaudt@gmail.com1 false
2016-04-14 23:20:56,821:INFO:adduser: user=dkstaudt@gmail.com room=c4699750-db27-11e5-b4f4-fbf227cffaf3
2016-04-14 23:20:57,110:WARNING:POST /memberships returned User cannot be added to the room
2016-04-14 23:21:56,978:INFO:adduser: user=dkstaudt@gmail.com room=c4699750-db27-11e5-b4f4-fbf227cffaf3
2016-04-14 23:21:57,368:WARNING:POST /memberships returned User cannot be added to the room
2016-04-14 23:27:28,042:INFO:adduser: user=dkstaudt@gmail.com room=c4699750-db27-11e5-b4f4-fbf227cffaf3
2016-04-14 23:27:28,392:WARNING:POST /memberships returned User cannot be added to the room
2016-04-14 23:27:52,896:INFO:adduser: user=dkstaudt@gmail.com room=c4699750-db27-11e5-b4f4-fbf227cffaf3
2016-04-14 23:27:53,195:WARNING:POST /memberships returned User cannot be added to the room
2016-04-14 23:28:24,631:INFO:adduser: user=dkstaudt@gmail.com room=c4699750-db27-11e5-b4f4-fbf227cffaf3
2016-04-14 23:28:25,066:WARNING:POST /memberships returned User cannot be added to the room
2016-04-14 23:29:52,730:INFO:adduser: user=dkstaudt@gmail.com room=c4699750-db27-11e5-b4f4-fbf227cffaf3
2016-04-14 23:29:53,044:WARNING:POST /memberships returned User cannot be added to the room
2016-04-14 23:30:37,340:INFO:adduser: user=dkstaudt@gmail.com room=c4699750-db27-11e5-b4f4-fbf227cffaf3
2016-04-14 23:30:37,611:WARNING:POST /memberships returned User cannot be added to the room
2016-04-14 23:31:01,987:INFO:adduser: user=dkstaudt@gmail.com room=c4699750-db27-11e5-b4f4-fbf227cffaf3
2016-04-14 23:31:02,313:WARNING:POST /memberships returned User cannot be added to the room
2016-04-14 23:31:37,115:INFO:adduser: user=dkstaudt@gmail.com room=c4699750-db27-11e5-b4f4-fbf227cffaf3
2016-04-14 23:31:37,465:WARNING:POST /memberships returned User cannot be added to the room
2016-04-14 23:33:10,294:INFO:adduser: user=dkstaudt@gmail.com room=c4699750-db27-11e5-b4f4-fbf227cffaf3
2016-04-14 23:33:10,726:WARNING:POST /memberships returned User cannot be added to the room
2016-04-14 23:33:57,417:INFO:adduser: user=dkstaudt@gmail.com room=c4699750-db27-11e5-b4f4-fbf227cffaf3
2016-04-14 23:33:57,785:WARNING:POST /memberships returned User cannot be added to the room
2016-04-14 23:37:56,918:INFO:adduser: user=dkstaudt@gmail.com room=c4699750-db27-11e5-b4f4-fbf227cffaf3
2016-04-14 23:37:57,381:WARNING:POST /memberships returned User cannot be added to the room
2016-04-14 23:42:58,299:INFO:Refresh token exchange successful
2016-04-14 23:42:58,662:INFO:Refresh token exchange successful
2016-04-14 23:43:06,144:INFO:adduser: user=dkstaudt@gmail.com room=c4699750-db27-11e5-b4f4-fbf227cffaf31
2016-04-14 23:43:06,154:WARNING:Room is not whitelisted
2016-04-14 23:43:26,866:INFO:Refresh token exchange successful
2016-04-14 23:43:27,199:INFO:Refresh token exchange successful
2016-04-14 23:43:35,943:INFO:adduser: user=dkstaudt@gmail.com room=c4699750-db27-11e5-b4f4-fbf227cffaf3
2016-04-14 23:43:36,316:WARNING:POST /memberships returned User cannot be added to the room
2016-04-14 23:44:39,330:INFO:Refresh token exchange successful
2016-04-14 23:44:39,658:INFO:Refresh token exchange successful
2016-04-14 23:44:48,545:INFO:adduser: user=dkstaudt@gmail.com room=c4699750-db27-11e5-b4f4-fbf227cffaf31
2016-04-14 23:44:48,555:WARNING:Room is not whitelisted
2016-04-14 23:44:55,338:INFO:adduser: user=dkstaudt@gmail.com room=c4699750-db27-11e5-b4f4-fbf227cffaf3
2016-04-14 23:44:55,779:WARNING:POST /memberships returned User cannot be added to the room
2016-04-14 23:45:01,643:INFO:adduser: user=dkstaudt@gmail.com room=c4699750-db27-11e5-b4f4-fbf227cffaf3
2016-04-14 23:45:01,958:WARNING:POST /memberships returned User cannot be added to the room
2016-04-14 23:45:13,992:INFO:adduser: user=dkstaudtgmail.com room=c4699750-db27-11e5-b4f4-fbf227cffaf3
2016-04-14 23:45:13,992:WARNING:Invalid email address
2016-04-14 23:46:21,899:INFO:adduser: user=dkstaudt@gmail.com room=c4699750-db27-11e5-b4f4-fbf227cffaf3
2016-04-14 23:46:22,186:WARNING:POST /memberships returned User cannot be added to the room
2016-04-14 23:47:36,518:INFO:adduser: user=dkstaudt@gmail.com room=c4699750-db27-11e5-b4f4-fbf227cffaf3
2016-04-14 23:47:36,786:WARNING:POST /memberships returned User cannot be added to the room
2016-04-14 23:48:41,082:INFO:isUser: user=dkstaudt@gmail.com true
2016-04-14 23:49:42,248:INFO:adduser: user=dkstaudt@gmail.com room=c4699750-db27-11e5-b4f4-fbf227cffaf3

2016-04-14 23:49:42,405:WARNING:POST /memberships returned Invalid request
2016-04-14 23:54:13,710:INFO:adduser: user=dkstaudt@gmail.com room=c4699750-db27-11e5-b4f4-fbf227cffaf3
2016-04-14 23:54:14,181:WARNING:POST /memberships returned User cannot be added to the room
2016-04-14 23:54:49,898:INFO:adduser: user=dkstaudt@gmail.com room=c4699750-db27-11e5-b4f4-fbf227cffaf3
2016-04-14 23:54:50,263:WARNING:POST /memberships returned User cannot be added to the room
2016-04-14 23:59:42,807:INFO:Refresh token exchange successful
2016-04-14 23:59:43,408:INFO:Refresh token exchange successful
2016-04-15 00:02:45,805:INFO:Refresh token exchange successful
2016-04-15 00:02:46,323:INFO:Refresh token exchange successful
2016-04-15 00:03:41,355:INFO:Refresh token exchange successful
2016-04-15 00:03:41,700:INFO:Refresh token exchange successful
2016-04-15 00:04:27,447:INFO:Refresh token exchange successful
2016-04-15 00:04:27,785:INFO:Refresh token exchange successful
2016-04-15 00:05:01,587:INFO:Refresh token exchange successful
2016-04-15 00:05:01,921:INFO:Refresh token exchange successful
2016-04-15 00:05:05,255:INFO:isUser: user=dkstaudt@gmail.com1 false
2016-04-15 00:08:48,877:INFO:Refresh token exchange successful
2016-04-15 00:08:49,234:INFO:Refresh token exchange successful
2016-04-15 00:08:52,261:INFO:adduser: user=dkstaudt@gmail.com room=c4699750-db27-11e5-b4f4-fbf227cffaf3
2016-04-15 00:08:52,619:WARNING:POST /memberships returned User cannot be added to the room
2016-04-15 00:09:25,830:INFO:adduser: user=dkstaudt@gmail.com room=c4699750-db27-11e5-b4f4-fbf227cffaf3
2016-04-15 00:09:26,214:INFO:POST /memberships succeeded
2016-04-15 00:10:04,346:INFO:Refresh token exchange successful
2016-04-15 00:10:04,794:INFO:Refresh token exchange successful
2016-04-15 00:10:09,076:INFO:adduser: user=dkstaudt@gmail.com room=c4699750-db27-11e5-b4f4-fbf227cffaf3
2016-04-15 00:10:09,483:WARNING:POST /memberships returned User cannot be added to the room
2016-04-15 00:10:55,610:INFO:Refresh token exchange successful
2016-04-15 00:10:55,957:INFO:Refresh token exchange successful
2016-04-15 00:10:59,223:INFO:adduser: user=dkstaudt@gmail.com room=c4699750-db27-11e5-b4f4-fbf227cffaf3
2016-04-15 00:10:59,586:WARNING:POST /memberships returned User cannot be added to the room
2016-04-15 00:37:40,955:INFO:isUser: user=dkstaudt@gmail.com true
2016-04-15 00:38:47,675:INFO:isUser: user=dkstaudt@gmail.com true
2016-04-15 00:39:41,529:INFO:isUser: user=dkstaudt@gmail.com true
2016-04-15 00:40:13,691:INFO:isUser: user=dkstaudt@gmail.com true
2016-04-15 00:40:17,030:INFO:isUser: user=dkstaudt@gmail.com1 false
2016-04-15 00:41:22,433:INFO:isUser: user=dkstaudt@gmail.com true
2016-04-15 00:41:28,940:INFO:isUser: user=dkstaudt@gmail.com1 false
2016-04-15 00:41:36,402:INFO:isUser: user=dkstaudt@gmail.com true
2016-04-15 00:42:45,223:INFO:isUser: user=dkstaudt@gmail.com true
2016-04-15 00:42:48,763:INFO:isUser: user=dkstaudt@gmail.com1 false
2016-04-15 00:43:17,838:INFO:isUser: user=dkstaudt@gmail.com1 false
2016-04-15 00:46:52,249:INFO:Refresh token exchange successful
2016-04-15 00:46:52,619:INFO:Refresh token exchange successful
2016-04-15 00:47:04,786:INFO:isUser: user=dkstaudt@gmail.com Success
2016-04-15 00:47:09,652:INFO:isUser: user=dkstaudt@gmail.com1 Success
2016-04-15 00:47:15,292:INFO:isUser: user=dkstaudt@gmail.com1 Success
2016-04-15 00:47:19,893:INFO:isUser: user=dkstaudt@gmail.com Success
2016-04-15 00:54:14,292:INFO:Refresh token exchange successful
2016-04-15 00:54:14,637:INFO:Refresh token exchange successful
2016-04-15 00:54:42,474:INFO:isUser: user=dkstaudt@gmail.com Success
2016-04-15 00:54:46,390:INFO:isUser: user=dkstaudt@gmail.com1 Success
2016-04-15 00:54:52,229:INFO:adduser: user=dkstaudt@gmail.com room=c4699750-db27-11e5-b4f4-fbf227cffaf3
2016-04-15 00:54:52,800:WARNING:POST /memberships returned User already member of requested room
2016-04-15 00:57:47,936:INFO:isUser: user=dkstaudt@gmail.com Success
2016-04-15 00:57:54,089:INFO:isUser: user=dkstaudt@gmail.com1 Success
2016-04-15 00:58:01,967:INFO:adduser: user=dkstaudt@gmail.com room=c4699750-db27-11e5-b4f4-fbf227cffaf3
2016-04-15 00:58:02,600:WARNING:POST /memberships returned User already member of requested room
2016-04-15 01:01:22,382:INFO:Refresh token exchange successful
2016-04-15 01:01:22,737:INFO:Refresh token exchange successful
2016-04-15 01:28:20,336:INFO:Refresh token exchange successful
2016-04-15 01:28:20,679:INFO:Refresh token exchange successful
2016-04-15 01:29:25,400:INFO:Refresh token exchange successful
2016-04-15 01:29:25,763:INFO:Refresh token exchange successful
2016-04-15 01:29:40,874:INFO:isUser: user=dkstaudt@gmail.com Success
2016-04-15 01:29:42,335:INFO:adduser: user=dkstaudt@gmail.com room=c4699750-db27-11e5-b4f4-fbf227cffaf3
2016-04-15 01:29:42,687:WARNING:POST /memberships returned User already member of requested room
2016-04-15 01:35:21,605:INFO:Refresh token exchange successful
2016-04-15 01:35:21,953:INFO:Refresh token exchange successful
2016-04-15 01:35:28,873:INFO:isUser: user=dkstaudt@gmail.com1 Success
2016-04-15 01:36:38,063:INFO:Refresh token exchange successful
2016-04-15 01:36:38,500:INFO:Refresh token exchange successful
2016-04-15 01:36:47,015:INFO:isUser: user=dkstaudt@gmail.com Success
2016-04-15 01:36:48,491:INFO:adduser: user=dkstaudt@gmail.com room=c4699750-db27-11e5-b4f4-fbf227cffaf3
2016-04-15 01:36:48,803:WARNING:POST /memberships returned User already member of requested room
2016-04-15 01:38:19,106:INFO:Refresh token exchange successful
2016-04-15 01:38:19,448:INFO:Refresh token exchange successful
2016-04-15 01:38:26,034:INFO:isUser: user=dkstaudt@gmail.com Success
2016-04-15 01:38:30,673:INFO:isUser: user=dkstaudt@gmail.com1 Success
